[INFO ] 20-04-2022 09:52:35 [main] Log - Navigate to Safe Railway.
[INFO ] 20-04-2022 09:52:37 [main] Log - Navigate to Register page.
[INFO ] 20-04-2022 09:52:37 [main] Log - Quit browser.
[INFO ] 20-04-2022 09:52:39 [main] Log - Navigate to Safe Railway.
[INFO ] 20-04-2022 09:52:41 [main] Log - Navigate to Register page.
[INFO ] 20-04-2022 09:52:41 [main] Log - Register new account.
[INFO ] 20-04-2022 09:52:41 [main] Log - Quit browser.
[INFO ] 20-04-2022 09:52:42 [main] Log - Navigate to Safe Railway.
[INFO ] 20-04-2022 09:52:43 [main] Log - Navigate to Register page.
[INFO ] 20-04-2022 09:52:43 [main] Log - Register new account.
[INFO ] 20-04-2022 09:52:43 [main] Log - Quit browser.
[INFO ] 20-04-2022 09:54:40 [main] Log - Navigate to Safe Railway.
[INFO ] 20-04-2022 09:54:42 [main] Log - Navigate to Register page.
[INFO ] 20-04-2022 09:54:42 [main] Log - Register new account.
[INFO ] 20-04-2022 09:54:42 [main] Log - Quit browser.
[INFO ] 20-04-2022 09:54:43 [main] Log - Navigate to Safe Railway.
[INFO ] 20-04-2022 09:54:45 [main] Log - Navigate to Register page.
[INFO ] 20-04-2022 09:54:45 [main] Log - Register new account.
[INFO ] 20-04-2022 09:54:45 [main] Log - Quit browser.
[INFO ] 20-04-2022 09:54:46 [main] Log - Navigate to Safe Railway.
[INFO ] 20-04-2022 09:54:48 [main] Log - Navigate to Register page.
[INFO ] 20-04-2022 09:54:48 [main] Log - Register new account.
[INFO ] 20-04-2022 09:54:48 [main] Log - Quit browser.
[INFO ] 20-04-2022 09:55:25 [main] Log - Navigate to Safe Railway.
[INFO ] 20-04-2022 09:55:27 [main] Log - Navigate to Register page.
[INFO ] 20-04-2022 09:55:27 [main] Log - Register new account.
[INFO ] 20-04-2022 09:55:27 [main] Log - Quit browser.
[INFO ] 20-04-2022 09:55:28 [main] Log - Navigate to Safe Railway.
[INFO ] 20-04-2022 09:55:30 [main] Log - Navigate to Register page.
[INFO ] 20-04-2022 09:55:30 [main] Log - Register new account.
[INFO ] 20-04-2022 09:55:30 [main] Log - Quit browser.
[INFO ] 20-04-2022 09:55:31 [main] Log - Navigate to Safe Railway.
[INFO ] 20-04-2022 09:55:32 [main] Log - Navigate to Register page.
[INFO ] 20-04-2022 09:55:32 [main] Log - Register new account.
[INFO ] 20-04-2022 09:55:32 [main] Log - Quit browser.
[INFO ] 20-04-2022 09:57:04 [main] Log - Navigate to Safe Railway.
[INFO ] 20-04-2022 09:57:05 [main] Log - Navigate to Register page.
[INFO ] 20-04-2022 09:57:06 [main] Log - Register new account.
[INFO ] 20-04-2022 09:57:07 [main] Log - Navigate to Login page.
[INFO ] 20-04-2022 09:57:09 [main] Log - Quit browser.
[INFO ] 20-04-2022 09:57:10 [main] Log - Navigate to Safe Railway.
[INFO ] 20-04-2022 09:57:12 [main] Log - Navigate to Register page.
[INFO ] 20-04-2022 09:57:12 [main] Log - Register new account.
[INFO ] 20-04-2022 09:57:14 [main] Log - Navigate to Login page.
[INFO ] 20-04-2022 09:57:15 [main] Log - Quit browser.
[INFO ] 20-04-2022 09:57:16 [main] Log - Navigate to Safe Railway.
[INFO ] 20-04-2022 09:57:18 [main] Log - Navigate to Register page.
[INFO ] 20-04-2022 09:57:19 [main] Log - Register new account.
[INFO ] 20-04-2022 09:57:20 [main] Log - Navigate to Login page.
[INFO ] 20-04-2022 09:57:22 [main] Log - Quit browser.
[INFO ] 20-04-2022 09:57:42 [main] Log - Navigate to Safe Railway.
[INFO ] 20-04-2022 09:57:44 [main] Log - Navigate to Register page.
[INFO ] 20-04-2022 09:57:44 [main] Log - Register new account.
[INFO ] 20-04-2022 09:58:44 [main] Log - Navigate to Safe Railway.
[INFO ] 20-04-2022 09:58:46 [main] Log - Navigate to Register page.
[INFO ] 20-04-2022 09:58:46 [main] Log - Register new account.
[INFO ] 20-04-2022 10:00:07 [main] Log - Navigate to Login page.
[INFO ] 20-04-2022 10:00:12 [main] Log - Navigate to Safe Railway.
[INFO ] 20-04-2022 10:00:14 [main] Log - Navigate to Register page.
[INFO ] 20-04-2022 10:00:14 [main] Log - Register new account.
[INFO ] 20-04-2022 10:00:16 [main] Log - Navigate to Login page.
[INFO ] 20-04-2022 10:00:18 [main] Log - Quit browser.
[INFO ] 20-04-2022 10:00:19 [main] Log - Navigate to Safe Railway.
[INFO ] 20-04-2022 10:00:21 [main] Log - Navigate to Register page.
[INFO ] 20-04-2022 10:00:21 [main] Log - Register new account.
[INFO ] 20-04-2022 10:01:09 [main] Log - Navigate to Safe Railway.
[INFO ] 20-04-2022 10:01:11 [main] Log - Navigate to Register page.
[INFO ] 20-04-2022 10:01:12 [main] Log - Register new account.
[INFO ] 20-04-2022 10:01:13 [main] Log - Navigate to Login page.
[INFO ] 20-04-2022 10:01:14 [main] Log - Login to Safe Railway.
[INFO ] 20-04-2022 10:01:16 [main] Log - Quit browser.
[INFO ] 20-04-2022 10:01:17 [main] Log - Navigate to Safe Railway.
[INFO ] 20-04-2022 10:01:18 [main] Log - Navigate to Register page.
[INFO ] 20-04-2022 10:01:18 [main] Log - Quit browser.
[INFO ] 20-04-2022 10:01:19 [main] Log - Navigate to Safe Railway.
[INFO ] 20-04-2022 10:17:55 [main] Log - Navigate to Safe Railway.
[INFO ] 20-04-2022 10:17:58 [main] Log - Quit browser.
[INFO ] 20-04-2022 10:17:59 [main] Log - Navigate to Safe Railway.
[INFO ] 20-04-2022 10:18:01 [main] Log - Quit browser.
[INFO ] 20-04-2022 10:18:02 [main] Log - Navigate to Safe Railway.
[INFO ] 20-04-2022 10:18:04 [main] Log - Quit browser.
[INFO ] 20-04-2022 10:18:33 [main] Log - Navigate to Safe Railway.
[INFO ] 20-04-2022 10:18:35 [main] Log - Navigate to Register page.
[INFO ] 20-04-2022 10:18:36 [main] Log - Register new account.
[INFO ] 20-04-2022 10:18:37 [main] Log - Navigate to Login page.
[INFO ] 20-04-2022 10:18:38 [main] Log - Login to Safe Railway.
[INFO ] 20-04-2022 10:18:40 [main] Log - Navigate to Book Ticket page.
[INFO ] 20-04-2022 10:18:40 [main] Log - Book ticket.
[INFO ] 20-04-2022 10:18:40 [main] Log - Quit browser.
[INFO ] 20-04-2022 10:18:41 [main] Log - Navigate to Safe Railway.
[INFO ] 20-04-2022 10:18:43 [main] Log - Navigate to Register page.
[INFO ] 20-04-2022 10:18:43 [main] Log - Register new account.
[INFO ] 20-04-2022 10:18:45 [main] Log - Navigate to Login page.
[INFO ] 20-04-2022 10:18:46 [main] Log - Login to Safe Railway.
[INFO ] 20-04-2022 10:18:46 [main] Log - Navigate to Book Ticket page.
[INFO ] 20-04-2022 10:21:00 [main] Log - Navigate to Safe Railway.
[INFO ] 20-04-2022 10:21:01 [main] Log - Navigate to Register page.
[INFO ] 20-04-2022 10:21:02 [main] Log - Register new account.
[INFO ] 20-04-2022 10:21:03 [main] Log - Navigate to Login page.
[INFO ] 20-04-2022 10:21:04 [main] Log - Login to Safe Railway.
[INFO ] 20-04-2022 10:21:06 [main] Log - Navigate to Book Ticket page.
[INFO ] 20-04-2022 10:21:06 [main] Log - Book ticket.
[INFO ] 20-04-2022 10:21:09 [main] Log - Quit browser.
[INFO ] 20-04-2022 10:21:10 [main] Log - Navigate to Safe Railway.
[INFO ] 20-04-2022 10:21:11 [main] Log - Navigate to Register page.
[INFO ] 20-04-2022 10:21:12 [main] Log - Register new account.
[INFO ] 20-04-2022 10:21:13 [main] Log - Navigate to Login page.
[INFO ] 20-04-2022 10:21:14 [main] Log - Login to Safe Railway.
[INFO ] 20-04-2022 10:21:16 [main] Log - Navigate to Book Ticket page.
[INFO ] 20-04-2022 10:21:16 [main] Log - Book ticket.
[INFO ] 20-04-2022 10:21:18 [main] Log - Quit browser.
[INFO ] 20-04-2022 10:21:19 [main] Log - Navigate to Safe Railway.
[INFO ] 20-04-2022 10:21:20 [main] Log - Navigate to Register page.
[INFO ] 20-04-2022 10:21:21 [main] Log - Register new account.
[INFO ] 20-04-2022 10:21:21 [main] Log - Quit browser.
[INFO ] 20-04-2022 10:22:39 [main] Log - Navigate to Safe Railway.
[INFO ] 20-04-2022 10:22:41 [main] Log - Navigate to Register page.
[INFO ] 20-04-2022 10:22:41 [main] Log - Register new account.
[INFO ] 20-04-2022 10:22:43 [main] Log - Navigate to Login page.
[INFO ] 20-04-2022 10:22:43 [main] Log - Login to Safe Railway.
[INFO ] 20-04-2022 10:22:45 [main] Log - Navigate to Book Ticket page.
[INFO ] 20-04-2022 10:22:46 [main] Log - Book ticket.
[INFO ] 20-04-2022 10:22:47 [main] Log - Navigate to Book Ticket page.
[INFO ] 20-04-2022 10:22:47 [main] Log - Book ticket.
[INFO ] 20-04-2022 10:22:49 [main] Log - Navigate to Book Ticket page.
[INFO ] 20-04-2022 10:22:49 [main] Log - Book ticket.
[INFO ] 20-04-2022 10:22:50 [main] Log - Navigate to Book Ticket page.
[INFO ] 20-04-2022 10:22:51 [main] Log - Book ticket.
[INFO ] 20-04-2022 10:22:52 [main] Log - Navigate to Book Ticket page.
[INFO ] 20-04-2022 10:22:52 [main] Log - Quit browser.
[INFO ] 20-04-2022 10:22:53 [main] Log - Navigate to Safe Railway.
[INFO ] 20-04-2022 10:22:54 [main] Log - Navigate to Register page.
[INFO ] 20-04-2022 10:22:54 [main] Log - Quit browser.
[INFO ] 20-04-2022 10:22:55 [main] Log - Navigate to Safe Railway.
[INFO ] 20-04-2022 10:23:00 [main] Log - Navigate to Register page.
[INFO ] 20-04-2022 10:23:13 [main] Log - Navigate to Safe Railway.
[INFO ] 20-04-2022 10:23:15 [main] Log - Navigate to Register page.
[INFO ] 20-04-2022 10:23:15 [main] Log - Register new account.
[INFO ] 20-04-2022 10:23:17 [main] Log - Navigate to Login page.
[INFO ] 20-04-2022 10:23:17 [main] Log - Login to Safe Railway.
[INFO ] 20-04-2022 10:23:19 [main] Log - Navigate to Book Ticket page.
[INFO ] 20-04-2022 10:23:20 [main] Log - Book ticket.
[INFO ] 20-04-2022 10:23:21 [main] Log - Navigate to Book Ticket page.
[INFO ] 20-04-2022 10:23:21 [main] Log - Quit browser.
[INFO ] 20-04-2022 10:23:22 [main] Log - Navigate to Safe Railway.
[INFO ] 20-04-2022 10:23:24 [main] Log - Navigate to Register page.
[INFO ] 20-04-2022 10:23:24 [main] Log - Register new account.
[INFO ] 20-04-2022 10:23:26 [main] Log - Navigate to Login page.
[INFO ] 20-04-2022 10:23:27 [main] Log - Login to Safe Railway.
[INFO ] 20-04-2022 10:23:28 [main] Log - Navigate to Book Ticket page.
[INFO ] 20-04-2022 10:23:29 [main] Log - Book ticket.
[INFO ] 20-04-2022 10:23:30 [main] Log - Navigate to Book Ticket page.
[INFO ] 20-04-2022 10:23:31 [main] Log - Book ticket.
[INFO ] 20-04-2022 10:23:32 [main] Log - Navigate to Book Ticket page.
[INFO ] 20-04-2022 10:23:32 [main] Log - Quit browser.
[INFO ] 20-04-2022 10:23:33 [main] Log - Navigate to Safe Railway.
[INFO ] 20-04-2022 10:23:35 [main] Log - Navigate to Register page.
[INFO ] 20-04-2022 10:23:35 [main] Log - Register new account.
[INFO ] 20-04-2022 10:23:37 [main] Log - Navigate to Login page.
[INFO ] 20-04-2022 10:23:37 [main] Log - Login to Safe Railway.
[INFO ] 20-04-2022 10:23:39 [main] Log - Navigate to Book Ticket page.
[INFO ] 20-04-2022 10:23:40 [main] Log - Book ticket.
[INFO ] 20-04-2022 10:23:41 [main] Log - Navigate to Book Ticket page.
[INFO ] 20-04-2022 10:23:42 [main] Log - Book ticket.
[INFO ] 20-04-2022 10:23:43 [main] Log - Navigate to Book Ticket page.
[INFO ] 20-04-2022 10:23:43 [main] Log - Quit browser.
[INFO ] 20-04-2022 10:25:01 [main] Log - Navigate to Safe Railway.
[INFO ] 20-04-2022 10:25:03 [main] Log - Navigate to Register page.
[INFO ] 20-04-2022 10:25:03 [main] Log - Register new account.
[INFO ] 20-04-2022 10:25:05 [main] Log - Navigate to Login page.
[INFO ] 20-04-2022 10:25:06 [main] Log - Login to Safe Railway.
[INFO ] 20-04-2022 10:25:07 [main] Log - Navigate to Book Ticket page.
[INFO ] 20-04-2022 10:25:08 [main] Log - Book ticket.
[INFO ] 20-04-2022 10:25:09 [main] Log - Navigate to Book Ticket page.
[INFO ] 20-04-2022 10:25:09 [main] Log - Quit browser.
[INFO ] 20-04-2022 10:25:10 [main] Log - Navigate to Safe Railway.
[INFO ] 20-04-2022 10:25:12 [main] Log - Navigate to Register page.
[INFO ] 20-04-2022 10:25:13 [main] Log - Register new account.
[INFO ] 20-04-2022 10:25:14 [main] Log - Navigate to Login page.
[INFO ] 20-04-2022 10:25:15 [main] Log - Login to Safe Railway.
[INFO ] 20-04-2022 10:25:17 [main] Log - Navigate to Book Ticket page.
[INFO ] 20-04-2022 10:25:17 [main] Log - Book ticket.
[INFO ] 20-04-2022 10:25:19 [main] Log - Navigate to Book Ticket page.
[INFO ] 20-04-2022 10:25:19 [main] Log - Book ticket.
[INFO ] 20-04-2022 10:25:21 [main] Log - Navigate to Book Ticket page.
[INFO ] 20-04-2022 10:25:21 [main] Log - Book ticket.
[INFO ] 20-04-2022 10:25:22 [main] Log - Navigate to Book Ticket page.
[INFO ] 20-04-2022 10:25:22 [main] Log - Quit browser.
[INFO ] 20-04-2022 10:25:24 [main] Log - Navigate to Safe Railway.
[INFO ] 20-04-2022 10:25:25 [main] Log - Navigate to Register page.
[INFO ] 20-04-2022 10:25:26 [main] Log - Register new account.
[INFO ] 20-04-2022 10:25:28 [main] Log - Navigate to Login page.
[INFO ] 20-04-2022 10:25:28 [main] Log - Login to Safe Railway.
[INFO ] 20-04-2022 10:25:30 [main] Log - Navigate to Book Ticket page.
[INFO ] 20-04-2022 10:25:31 [main] Log - Book ticket.
[INFO ] 20-04-2022 10:25:32 [main] Log - Navigate to Book Ticket page.
[INFO ] 20-04-2022 10:25:33 [main] Log - Book ticket.
[INFO ] 20-04-2022 10:25:34 [main] Log - Navigate to Book Ticket page.
[INFO ] 20-04-2022 10:25:34 [main] Log - Quit browser.
[INFO ] 20-04-2022 10:33:50 [main] Log - Navigate to Safe Railway.
[INFO ] 20-04-2022 10:33:52 [main] Log - Navigate to Register page.
[INFO ] 20-04-2022 10:33:53 [main] Log - Register new account.
[INFO ] 20-04-2022 10:33:54 [main] Log - Navigate to Login page.
[INFO ] 20-04-2022 10:33:55 [main] Log - Login to Safe Railway.
[INFO ] 20-04-2022 10:33:57 [main] Log - Navigate to Book Ticket page.
[INFO ] 20-04-2022 10:33:57 [main] Log - Book ticket.
[INFO ] 20-04-2022 10:33:57 [main] Log - Quit browser.
[INFO ] 20-04-2022 10:33:58 [main] Log - Navigate to Safe Railway.
[INFO ] 20-04-2022 10:34:00 [main] Log - Navigate to Register page.
[INFO ] 20-04-2022 10:34:01 [main] Log - Register new account.
[INFO ] 20-04-2022 10:34:02 [main] Log - Navigate to Login page.
[INFO ] 20-04-2022 10:34:03 [main] Log - Login to Safe Railway.
[INFO ] 20-04-2022 10:34:05 [main] Log - Navigate to Book Ticket page.
[INFO ] 20-04-2022 10:34:05 [main] Log - Book ticket.
[INFO ] 20-04-2022 10:34:06 [main] Log - Quit browser.
[INFO ] 20-04-2022 10:34:07 [main] Log - Navigate to Safe Railway.
[INFO ] 20-04-2022 10:34:08 [main] Log - Navigate to Register page.
[INFO ] 20-04-2022 10:34:09 [main] Log - Register new account.
[INFO ] 20-04-2022 10:35:24 [main] Log - Navigate to Safe Railway.
[INFO ] 20-04-2022 10:35:26 [main] Log - Navigate to Register page.
[INFO ] 20-04-2022 10:35:26 [main] Log - Register new account.
[INFO ] 20-04-2022 10:35:28 [main] Log - Navigate to Login page.
[INFO ] 20-04-2022 10:35:29 [main] Log - Login to Safe Railway.
[INFO ] 20-04-2022 10:35:30 [main] Log - Navigate to Book Ticket page.
[INFO ] 20-04-2022 10:35:31 [main] Log - Book ticket.
[INFO ] 20-04-2022 10:35:33 [main] Log - Navigate to Book Ticket page.
[INFO ] 20-04-2022 10:35:34 [main] Log - Book ticket.
[INFO ] 20-04-2022 10:35:37 [main] Log - Navigate to Book Ticket page.
[INFO ] 20-04-2022 10:35:38 [main] Log - Book ticket.
[INFO ] 20-04-2022 10:35:40 [main] Log - Navigate to Book Ticket page.
[INFO ] 20-04-2022 10:35:41 [main] Log - Book ticket.
[INFO ] 20-04-2022 10:35:42 [main] Log - Quit browser.
[INFO ] 20-04-2022 10:35:43 [main] Log - Navigate to Safe Railway.
[INFO ] 20-04-2022 10:35:44 [main] Log - Navigate to Register page.
[INFO ] 20-04-2022 10:35:45 [main] Log - Register new account.
[INFO ] 20-04-2022 10:35:47 [main] Log - Navigate to Login page.
[INFO ] 20-04-2022 10:35:47 [main] Log - Login to Safe Railway.
[INFO ] 20-04-2022 10:35:49 [main] Log - Navigate to Book Ticket page.
[INFO ] 20-04-2022 10:35:50 [main] Log - Book ticket.
[INFO ] 20-04-2022 10:35:52 [main] Log - Navigate to Book Ticket page.
[INFO ] 20-04-2022 10:35:53 [main] Log - Book ticket.
[INFO ] 20-04-2022 10:35:55 [main] Log - Navigate to Book Ticket page.
[INFO ] 20-04-2022 10:35:56 [main] Log - Book ticket.
[INFO ] 20-04-2022 10:35:57 [main] Log - Quit browser.
[INFO ] 20-04-2022 10:35:58 [main] Log - Navigate to Safe Railway.
[INFO ] 20-04-2022 10:36:00 [main] Log - Navigate to Register page.
[INFO ] 20-04-2022 10:36:01 [main] Log - Register new account.
[INFO ] 20-04-2022 10:36:02 [main] Log - Navigate to Login page.
[INFO ] 20-04-2022 10:36:03 [main] Log - Login to Safe Railway.
[INFO ] 20-04-2022 10:36:05 [main] Log - Navigate to Book Ticket page.
[INFO ] 20-04-2022 10:36:05 [main] Log - Book ticket.
[INFO ] 20-04-2022 10:36:08 [main] Log - Navigate to Book Ticket page.
[INFO ] 20-04-2022 10:36:08 [main] Log - Book ticket.
[INFO ] 20-04-2022 10:36:10 [main] Log - Quit browser.
[INFO ] 20-04-2022 10:38:39 [main] Log - Navigate to Safe Railway.
[INFO ] 20-04-2022 10:38:41 [main] Log - Navigate to Register page.
[INFO ] 20-04-2022 10:38:42 [main] Log - Register new account.
[INFO ] 20-04-2022 10:38:44 [main] Log - Navigate to Login page.
[INFO ] 20-04-2022 10:38:44 [main] Log - Login to Safe Railway.
[INFO ] 20-04-2022 10:38:46 [main] Log - Navigate to Book Ticket page.
[INFO ] 20-04-2022 10:38:47 [main] Log - Book ticket.
[INFO ] 20-04-2022 10:38:49 [main] Log - Navigate to Book Ticket page.
[INFO ] 20-04-2022 10:38:50 [main] Log - Book ticket.
[INFO ] 20-04-2022 10:38:52 [main] Log - Navigate to Book Ticket page.
[INFO ] 20-04-2022 10:38:53 [main] Log - Book ticket.
[INFO ] 20-04-2022 10:38:54 [main] Log - Quit browser.
[INFO ] 20-04-2022 10:38:55 [main] Log - Navigate to Safe Railway.
[INFO ] 20-04-2022 10:38:57 [main] Log - Navigate to Register page.
[INFO ] 20-04-2022 10:38:58 [main] Log - Register new account.
[INFO ] 20-04-2022 10:38:59 [main] Log - Navigate to Login page.
[INFO ] 20-04-2022 10:39:00 [main] Log - Login to Safe Railway.
[INFO ] 20-04-2022 10:39:02 [main] Log - Navigate to Book Ticket page.
[INFO ] 20-04-2022 10:39:02 [main] Log - Book ticket.
[INFO ] 20-04-2022 10:39:05 [main] Log - Navigate to Book Ticket page.
[INFO ] 20-04-2022 10:39:06 [main] Log - Book ticket.
[INFO ] 20-04-2022 10:39:08 [main] Log - Navigate to Book Ticket page.
[INFO ] 20-04-2022 10:39:09 [main] Log - Book ticket.
[INFO ] 20-04-2022 10:39:10 [main] Log - Quit browser.
[INFO ] 20-04-2022 10:39:11 [main] Log - Navigate to Safe Railway.
[INFO ] 20-04-2022 10:39:13 [main] Log - Navigate to Register page.
[INFO ] 20-04-2022 10:39:13 [main] Log - Register new account.
[INFO ] 20-04-2022 10:39:13 [main] Log - Quit browser.
[INFO ] 20-04-2022 10:40:39 [main] Log - Navigate to Safe Railway.
[INFO ] 20-04-2022 10:40:41 [main] Log - Navigate to Register page.
[INFO ] 20-04-2022 10:40:42 [main] Log - Register new account.
[INFO ] 20-04-2022 10:40:43 [main] Log - Navigate to Login page.
[INFO ] 20-04-2022 10:40:44 [main] Log - Login to Safe Railway.
[INFO ] 20-04-2022 10:40:46 [main] Log - Navigate to Book Ticket page.
[INFO ] 20-04-2022 10:40:46 [main] Log - Book ticket.
[INFO ] 20-04-2022 10:40:49 [main] Log - Navigate to Book Ticket page.
[INFO ] 20-04-2022 10:40:50 [main] Log - Book ticket.
[INFO ] 20-04-2022 10:40:53 [main] Log - Navigate to Book Ticket page.
[INFO ] 20-04-2022 10:40:53 [main] Log - Book ticket.
[INFO ] 20-04-2022 10:40:56 [main] Log - Navigate to Book Ticket page.
[INFO ] 20-04-2022 10:40:57 [main] Log - Book ticket.
[INFO ] 20-04-2022 10:41:00 [main] Log - Navigate to Book Ticket page.
[INFO ] 20-04-2022 10:41:01 [main] Log - Book ticket.
[INFO ] 20-04-2022 10:41:04 [main] Log - Navigate to Book Ticket page.
[INFO ] 20-04-2022 10:41:04 [main] Log - Book ticket.
[INFO ] 20-04-2022 10:41:07 [main] Log - Navigate to Book Ticket page.
[INFO ] 20-04-2022 10:41:08 [main] Log - Book ticket.
[INFO ] 20-04-2022 10:41:09 [main] Log - Quit browser.
[INFO ] 20-04-2022 10:41:11 [main] Log - Navigate to Safe Railway.
[INFO ] 20-04-2022 10:41:12 [main] Log - Navigate to Register page.
[INFO ] 20-04-2022 10:41:13 [main] Log - Register new account.
[INFO ] 20-04-2022 10:41:15 [main] Log - Navigate to Login page.
[INFO ] 20-04-2022 10:41:15 [main] Log - Login to Safe Railway.
[INFO ] 20-04-2022 10:41:17 [main] Log - Navigate to Book Ticket page.
[INFO ] 20-04-2022 10:41:18 [main] Log - Book ticket.
[INFO ] 20-04-2022 10:41:21 [main] Log - Navigate to Book Ticket page.
[INFO ] 20-04-2022 10:41:21 [main] Log - Book ticket.
[INFO ] 20-04-2022 10:41:23 [main] Log - Navigate to Book Ticket page.
[INFO ] 20-04-2022 10:41:23 [main] Log - Quit browser.
[INFO ] 20-04-2022 10:41:25 [main] Log - Navigate to Safe Railway.
[INFO ] 20-04-2022 10:46:17 [main] Log - Navigate to Safe Railway.
[INFO ] 20-04-2022 10:46:19 [main] Log - Navigate to Register page.
[INFO ] 20-04-2022 10:46:19 [main] Log - Register new account.
[INFO ] 20-04-2022 10:46:22 [main] Log - Navigate to Login page.
[INFO ] 20-04-2022 10:46:22 [main] Log - Login to Safe Railway.
[INFO ] 20-04-2022 10:46:24 [main] Log - Navigate to Book Ticket page.
[INFO ] 20-04-2022 10:46:26 [main] Log - Book ticket.
[INFO ] 20-04-2022 10:46:30 [main] Log - Navigate to Book Ticket page.
[INFO ] 20-04-2022 10:46:31 [main] Log - Book ticket.
[INFO ] 20-04-2022 10:46:34 [main] Log - Navigate to Book Ticket page.
[INFO ] 20-04-2022 10:46:35 [main] Log - Book ticket.
[INFO ] 20-04-2022 10:46:39 [main] Log - Navigate to Book Ticket page.
[INFO ] 20-04-2022 10:46:39 [main] Log - Book ticket.
[INFO ] 20-04-2022 10:46:42 [main] Log - Navigate to Book Ticket page.
[INFO ] 20-04-2022 10:46:44 [main] Log - Book ticket.
[INFO ] 20-04-2022 10:46:47 [main] Log - Navigate to Book Ticket page.
[INFO ] 20-04-2022 10:46:48 [main] Log - Book ticket.
[INFO ] 20-04-2022 10:46:51 [main] Log - Navigate to Book Ticket page.
[INFO ] 20-04-2022 10:46:52 [main] Log - Book ticket.
[INFO ] 20-04-2022 10:46:55 [main] Log - Navigate to My Ticket Page.
[INFO ] 20-04-2022 10:46:56 [main] Log - Cancel ticket.
[INFO ] 20-04-2022 10:46:56 [main] Log - Quit browser.
[INFO ] 20-04-2022 10:46:57 [main] Log - Navigate to Safe Railway.
[INFO ] 20-04-2022 10:46:59 [main] Log - Navigate to Register page.
[INFO ] 20-04-2022 10:46:59 [main] Log - Register new account.
[INFO ] 20-04-2022 10:46:59 [main] Log - Quit browser.
[INFO ] 20-04-2022 10:47:00 [main] Log - Navigate to Safe Railway.
[INFO ] 20-04-2022 10:47:01 [main] Log - Navigate to Register page.
[INFO ] 20-04-2022 10:47:01 [main] Log - Quit browser.
[INFO ] 20-04-2022 10:58:53 [main] Log - Navigate to Safe Railway.
[INFO ] 20-04-2022 10:58:56 [main] Log - Navigate to Register page.
[INFO ] 20-04-2022 10:58:57 [main] Log - Register new account.
[INFO ] 20-04-2022 10:58:58 [main] Log - Navigate to Login page.
[INFO ] 20-04-2022 10:58:59 [main] Log - Login to Safe Railway.
[INFO ] 20-04-2022 10:59:01 [main] Log - Navigate to Book Ticket page.
[INFO ] 20-04-2022 10:59:01 [main] Log - Book ticket 1.
[INFO ] 20-04-2022 10:59:05 [main] Log - Navigate to Book Ticket page.
[INFO ] 20-04-2022 10:59:06 [main] Log - Book ticket 2.
[INFO ] 20-04-2022 10:59:09 [main] Log - Navigate to Book Ticket page.
[INFO ] 20-04-2022 10:59:09 [main] Log - Book ticket 3.
[INFO ] 20-04-2022 10:59:13 [main] Log - Navigate to Book Ticket page.
[INFO ] 20-04-2022 10:59:14 [main] Log - Book ticket 4.
[INFO ] 20-04-2022 10:59:17 [main] Log - Navigate to Book Ticket page.
[INFO ] 20-04-2022 10:59:18 [main] Log - Book ticket 5.
[INFO ] 20-04-2022 10:59:21 [main] Log - Navigate to Book Ticket page.
[INFO ] 20-04-2022 10:59:22 [main] Log - Book ticket 6.
[INFO ] 20-04-2022 10:59:25 [main] Log - Navigate to My Ticket Page.
[INFO ] 20-04-2022 10:59:26 [main] Log - Cancel ticket.
[INFO ] 20-04-2022 10:59:30 [main] Log - Quit browser.
[INFO ] 20-04-2022 10:59:31 [main] Log - Navigate to Safe Railway.
[INFO ] 20-04-2022 10:59:33 [main] Log - Navigate to Register page.
[INFO ] 20-04-2022 10:59:33 [main] Log - Register new account.
[INFO ] 20-04-2022 10:59:33 [main] Log - Quit browser.
[INFO ] 20-04-2022 10:59:35 [main] Log - Navigate to Safe Railway.
[INFO ] 20-04-2022 10:59:35 [main] Log - Navigate to Register page.
[INFO ] 20-04-2022 10:59:35 [main] Log - Quit browser.
[INFO ] 20-04-2022 10:59:53 [main] Log - Navigate to Safe Railway.
[INFO ] 20-04-2022 10:59:55 [main] Log - Navigate to Register page.
[INFO ] 20-04-2022 10:59:56 [main] Log - Register new account.
[INFO ] 20-04-2022 10:59:57 [main] Log - Navigate to Login page.
[INFO ] 20-04-2022 10:59:58 [main] Log - Login to Safe Railway.
[INFO ] 20-04-2022 11:00:00 [main] Log - Navigate to Book Ticket page.
[INFO ] 20-04-2022 11:00:01 [main] Log - Book ticket 1.
[INFO ] 20-04-2022 11:00:04 [main] Log - Navigate to Book Ticket page.
[INFO ] 20-04-2022 11:00:05 [main] Log - Book ticket 2.
[INFO ] 20-04-2022 11:00:07 [main] Log - Quit browser.
[INFO ] 20-04-2022 11:00:08 [main] Log - Navigate to Safe Railway.
[INFO ] 20-04-2022 11:00:10 [main] Log - Navigate to Register page.
[INFO ] 20-04-2022 11:00:11 [main] Log - Register new account.
[INFO ] 20-04-2022 11:00:12 [main] Log - Navigate to Login page.
[INFO ] 20-04-2022 11:00:13 [main] Log - Login to Safe Railway.
[INFO ] 20-04-2022 11:00:15 [main] Log - Navigate to Book Ticket page.
[INFO ] 20-04-2022 11:00:15 [main] Log - Book ticket 1.
[INFO ] 20-04-2022 11:00:19 [main] Log - Navigate to Book Ticket page.
[INFO ] 20-04-2022 11:00:19 [main] Log - Book ticket 2.
[INFO ] 20-04-2022 11:00:23 [main] Log - Navigate to Book Ticket page.
[INFO ] 20-04-2022 11:00:23 [main] Log - Book ticket 3.
[INFO ] 20-04-2022 11:00:26 [main] Log - Navigate to Book Ticket page.
[INFO ] 20-04-2022 11:00:27 [main] Log - Book ticket 4.
[INFO ] 20-04-2022 11:00:30 [main] Log - Navigate to Book Ticket page.
[INFO ] 20-04-2022 11:00:31 [main] Log - Book ticket 5.
[INFO ] 20-04-2022 11:00:34 [main] Log - Navigate to Book Ticket page.
[INFO ] 20-04-2022 11:00:36 [main] Log - Book ticket 6.
[INFO ] 20-04-2022 11:00:39 [main] Log - Navigate to My Ticket Page.
[INFO ] 20-04-2022 11:00:39 [main] Log - Check that the web page displays correctly with the description.
[INFO ] 20-04-2022 11:00:39 [main] Log - Quit browser.
[INFO ] 20-04-2022 11:00:40 [main] Log - Navigate to Safe Railway.
[INFO ] 20-04-2022 11:00:42 [main] Log - Navigate to Register page.
[INFO ] 20-04-2022 11:00:42 [main] Log - Quit browser.
[INFO ] 20-04-2022 11:17:35 [main] Log - Navigate to Safe Railway.
[INFO ] 20-04-2022 11:17:37 [main] Log - Navigate to Register page.
[INFO ] 20-04-2022 11:17:37 [main] Log - Register new account.
[INFO ] 20-04-2022 11:17:39 [main] Log - Navigate to Login page.
[INFO ] 20-04-2022 11:17:40 [main] Log - Login to Safe Railway.
[INFO ] 20-04-2022 11:17:42 [main] Log - Navigate to Book Ticket page.
[INFO ] 20-04-2022 11:17:42 [main] Log - Book ticket 1.
[INFO ] 20-04-2022 11:17:46 [main] Log - Navigate to Book Ticket page.
[INFO ] 20-04-2022 11:17:47 [main] Log - Book ticket 2.
[INFO ] 20-04-2022 11:17:50 [main] Log - Navigate to Book Ticket page.
[INFO ] 20-04-2022 11:17:50 [main] Log - Book ticket 3.
[INFO ] 20-04-2022 11:17:54 [main] Log - Navigate to Book Ticket page.
[INFO ] 20-04-2022 11:17:54 [main] Log - Book ticket 4.
[INFO ] 20-04-2022 11:17:58 [main] Log - Navigate to My Ticket Page.
[INFO ] 20-04-2022 11:17:58 [main] Log - Cancel ticket.
[INFO ] 20-04-2022 11:17:58 [main] Log - Check that the web page displays correctly with the description.
[INFO ] 20-04-2022 11:17:58 [main] Log - Quit browser.
[INFO ] 20-04-2022 11:17:59 [main] Log - Navigate to Safe Railway.
[INFO ] 20-04-2022 11:18:01 [main] Log - Navigate to Register page.
[INFO ] 20-04-2022 11:18:02 [main] Log - Register new account.
[INFO ] 20-04-2022 11:18:04 [main] Log - Navigate to Login page.
[INFO ] 20-04-2022 11:18:04 [main] Log - Login to Safe Railway.
[INFO ] 20-04-2022 11:18:04 [main] Log - Quit browser.
[INFO ] 20-04-2022 11:18:05 [main] Log - Navigate to Safe Railway.
[INFO ] 20-04-2022 11:18:40 [main] Log - Navigate to Safe Railway.
[INFO ] 20-04-2022 11:18:42 [main] Log - Navigate to Register page.
[INFO ] 20-04-2022 11:18:42 [main] Log - Register new account.
[INFO ] 20-04-2022 11:18:44 [main] Log - Navigate to Login page.
[INFO ] 20-04-2022 11:18:45 [main] Log - Login to Safe Railway.
[INFO ] 20-04-2022 11:18:46 [main] Log - Navigate to Book Ticket page.
[INFO ] 20-04-2022 11:18:47 [main] Log - Book ticket 1.
[INFO ] 20-04-2022 11:18:51 [main] Log - Navigate to Book Ticket page.
[INFO ] 20-04-2022 11:18:51 [main] Log - Book ticket 2.
[INFO ] 20-04-2022 11:18:53 [main] Log - Quit browser.
[INFO ] 20-04-2022 11:18:54 [main] Log - Navigate to Safe Railway.
[INFO ] 20-04-2022 11:18:57 [main] Log - Navigate to Register page.
[INFO ] 20-04-2022 11:18:57 [main] Log - Register new account.
[INFO ] 20-04-2022 11:18:59 [main] Log - Navigate to Login page.
[INFO ] 20-04-2022 11:19:00 [main] Log - Login to Safe Railway.
[INFO ] 20-04-2022 11:19:01 [main] Log - Navigate to Book Ticket page.
[INFO ] 20-04-2022 11:19:02 [main] Log - Book ticket 1.
[INFO ] 20-04-2022 11:19:04 [main] Log - Quit browser.
[INFO ] 20-04-2022 11:19:05 [main] Log - Navigate to Safe Railway.
[INFO ] 20-04-2022 11:19:07 [main] Log - Navigate to Register page.
[INFO ] 20-04-2022 11:19:08 [main] Log - Register new account.
[INFO ] 20-04-2022 11:19:09 [main] Log - Navigate to Login page.
[INFO ] 20-04-2022 11:19:10 [main] Log - Login to Safe Railway.
[INFO ] 20-04-2022 11:19:12 [main] Log - Navigate to Book Ticket page.
[INFO ] 20-04-2022 11:19:12 [main] Log - Book ticket 1.
[INFO ] 20-04-2022 11:19:16 [main] Log - Navigate to Book Ticket page.
[INFO ] 20-04-2022 11:19:17 [main] Log - Book ticket 2.
[INFO ] 20-04-2022 11:19:20 [main] Log - Navigate to Book Ticket page.
[INFO ] 20-04-2022 11:19:20 [main] Log - Book ticket 3.
[INFO ] 20-04-2022 11:19:24 [main] Log - Navigate to Book Ticket page.
[INFO ] 20-04-2022 11:19:24 [main] Log - Book ticket 4.
[INFO ] 20-04-2022 11:19:26 [main] Log - Quit browser.
[INFO ] 20-04-2022 11:19:38 [main] Log - Navigate to Safe Railway.
[INFO ] 20-04-2022 11:19:40 [main] Log - Navigate to Register page.
[INFO ] 20-04-2022 11:19:41 [main] Log - Register new account.
[INFO ] 20-04-2022 11:19:43 [main] Log - Navigate to Login page.
[INFO ] 20-04-2022 11:19:43 [main] Log - Login to Safe Railway.
[INFO ] 20-04-2022 11:19:45 [main] Log - Navigate to Book Ticket page.
[INFO ] 20-04-2022 11:19:46 [main] Log - Book ticket 1.
[INFO ] 20-04-2022 11:19:48 [main] Log - Quit browser.
[INFO ] 20-04-2022 11:19:49 [main] Log - Navigate to Safe Railway.
[INFO ] 20-04-2022 11:19:51 [main] Log - Navigate to Register page.
[INFO ] 20-04-2022 11:19:51 [main] Log - Register new account.
[INFO ] 20-04-2022 11:19:53 [main] Log - Navigate to Login page.
[INFO ] 20-04-2022 11:19:54 [main] Log - Login to Safe Railway.
[INFO ] 20-04-2022 11:19:56 [main] Log - Navigate to Book Ticket page.
[INFO ] 20-04-2022 11:19:56 [main] Log - Book ticket 1.
[INFO ] 20-04-2022 11:20:00 [main] Log - Navigate to Book Ticket page.
[INFO ] 20-04-2022 11:20:00 [main] Log - Book ticket 2.
[INFO ] 20-04-2022 11:20:04 [main] Log - Navigate to Book Ticket page.
[INFO ] 20-04-2022 11:20:04 [main] Log - Book ticket 3.
[INFO ] 20-04-2022 11:20:08 [main] Log - Navigate to Book Ticket page.
[INFO ] 20-04-2022 11:20:09 [main] Log - Book ticket 4.
[INFO ] 20-04-2022 11:20:11 [main] Log - Quit browser.
[INFO ] 20-04-2022 11:20:12 [main] Log - Navigate to Safe Railway.
[INFO ] 20-04-2022 11:20:14 [main] Log - Navigate to Register page.
[INFO ] 20-04-2022 11:20:14 [main] Log - Register new account.
[INFO ] 20-04-2022 11:20:16 [main] Log - Navigate to Login page.
[INFO ] 20-04-2022 11:20:17 [main] Log - Login to Safe Railway.
[INFO ] 20-04-2022 11:20:18 [main] Log - Navigate to Book Ticket page.
[INFO ] 20-04-2022 11:20:19 [main] Log - Book ticket 1.
[INFO ] 20-04-2022 11:20:21 [main] Log - Quit browser.
[INFO ] 20-04-2022 11:20:33 [main] Log - Navigate to Safe Railway.
[INFO ] 20-04-2022 11:20:35 [main] Log - Navigate to Register page.
[INFO ] 20-04-2022 11:20:36 [main] Log - Register new account.
[INFO ] 20-04-2022 11:20:37 [main] Log - Navigate to Login page.
[INFO ] 20-04-2022 11:20:38 [main] Log - Login to Safe Railway.
[INFO ] 20-04-2022 11:20:40 [main] Log - Navigate to Book Ticket page.
[INFO ] 20-04-2022 11:20:40 [main] Log - Book ticket 1.
[INFO ] 20-04-2022 11:20:44 [main] Log - Navigate to Book Ticket page.
[INFO ] 20-04-2022 11:20:45 [main] Log - Book ticket 2.
[INFO ] 20-04-2022 11:20:47 [main] Log - Quit browser.
[INFO ] 20-04-2022 11:20:48 [main] Log - Navigate to Safe Railway.
[INFO ] 20-04-2022 11:20:49 [main] Log - Navigate to Register page.
[INFO ] 20-04-2022 11:20:50 [main] Log - Register new account.
[INFO ] 20-04-2022 11:20:52 [main] Log - Navigate to Login page.
[INFO ] 20-04-2022 11:20:52 [main] Log - Login to Safe Railway.
[INFO ] 20-04-2022 11:20:54 [main] Log - Navigate to Book Ticket page.
[INFO ] 20-04-2022 11:20:55 [main] Log - Book ticket 1.
[INFO ] 20-04-2022 11:20:57 [main] Log - Quit browser.
[INFO ] 20-04-2022 11:20:58 [main] Log - Navigate to Safe Railway.
[INFO ] 20-04-2022 11:21:00 [main] Log - Navigate to Register page.
[INFO ] 20-04-2022 11:21:01 [main] Log - Register new account.
[INFO ] 20-04-2022 11:21:02 [main] Log - Navigate to Login page.
[INFO ] 20-04-2022 11:21:03 [main] Log - Login to Safe Railway.
[INFO ] 20-04-2022 11:21:05 [main] Log - Navigate to Book Ticket page.
[INFO ] 20-04-2022 11:21:05 [main] Log - Book ticket 1.
[INFO ] 20-04-2022 11:21:09 [main] Log - Navigate to Book Ticket page.
[INFO ] 20-04-2022 11:21:09 [main] Log - Book ticket 2.
[INFO ] 20-04-2022 11:21:13 [main] Log - Navigate to Book Ticket page.
[INFO ] 20-04-2022 11:21:13 [main] Log - Book ticket 3.
[INFO ] 20-04-2022 11:21:17 [main] Log - Navigate to Book Ticket page.
[INFO ] 20-04-2022 11:21:18 [main] Log - Book ticket 4.
[INFO ] 20-04-2022 11:21:21 [main] Log - Navigate to Book Ticket page.
[INFO ] 20-04-2022 11:21:22 [main] Log - Book ticket 5.
[INFO ] 20-04-2022 11:21:25 [main] Log - Navigate to Book Ticket page.
[INFO ] 20-04-2022 11:21:26 [main] Log - Book ticket 6.
[INFO ] 20-04-2022 11:21:29 [main] Log - Navigate to My Ticket Page.
[INFO ] 20-04-2022 11:21:30 [main] Log - Check that the web page displays correctly with the description.
[INFO ] 20-04-2022 11:21:30 [main] Log - Quit browser.
[INFO ] 20-04-2022 11:22:21 [main] Log - Navigate to Safe Railway.
[INFO ] 20-04-2022 11:22:23 [main] Log - Navigate to Register page.
[INFO ] 20-04-2022 11:22:24 [main] Log - Register new account.
[INFO ] 20-04-2022 11:22:25 [main] Log - Navigate to Login page.
[INFO ] 20-04-2022 11:22:26 [main] Log - Login to Safe Railway.
[INFO ] 20-04-2022 11:22:28 [main] Log - Navigate to Book Ticket page.
[INFO ] 20-04-2022 11:22:29 [main] Log - Book ticket 1.
[INFO ] 20-04-2022 11:22:29 [main] Log - Quit browser.
[INFO ] 20-04-2022 11:22:30 [main] Log - Navigate to Safe Railway.
[INFO ] 20-04-2022 11:22:32 [main] Log - Navigate to Register page.
[INFO ] 20-04-2022 11:22:32 [main] Log - Register new account.
[INFO ] 20-04-2022 11:22:34 [main] Log - Navigate to Login page.
[INFO ] 20-04-2022 11:22:35 [main] Log - Login to Safe Railway.
[INFO ] 20-04-2022 11:22:36 [main] Log - Navigate to Book Ticket page.
[INFO ] 20-04-2022 11:22:37 [main] Log - Book ticket 1.
[INFO ] 20-04-2022 11:22:41 [main] Log - Navigate to Book Ticket page.
[INFO ] 20-04-2022 11:22:41 [main] Log - Book ticket 2.
[INFO ] 20-04-2022 11:22:45 [main] Log - Navigate to Book Ticket page.
[INFO ] 20-04-2022 11:22:45 [main] Log - Book ticket 3.
[INFO ] 20-04-2022 11:22:49 [main] Log - Navigate to Book Ticket page.
[INFO ] 20-04-2022 11:22:50 [main] Log - Book ticket 4.
[INFO ] 20-04-2022 11:22:53 [main] Log - Navigate to Book Ticket page.
[INFO ] 20-04-2022 11:22:54 [main] Log - Book ticket 5.
[INFO ] 20-04-2022 11:22:57 [main] Log - Navigate to Book Ticket page.
[INFO ] 20-04-2022 11:22:58 [main] Log - Book ticket 6.
[INFO ] 20-04-2022 11:23:01 [main] Log - Navigate to My Ticket Page.
[INFO ] 20-04-2022 11:23:02 [main] Log - Cancel ticket.
[INFO ] 20-04-2022 11:23:04 [main] Log - Check that the web page displays correctly with the description.
[INFO ] 20-04-2022 11:23:05 [main] Log - Quit browser.
[INFO ] 20-04-2022 11:23:06 [main] Log - Navigate to Safe Railway.
[INFO ] 20-04-2022 11:23:08 [main] Log - Navigate to Register page.
[INFO ] 20-04-2022 11:23:08 [main] Log - Quit browser.
[INFO ] 20-04-2022 11:25:14 [main] Log - Navigate to Safe Railway.
[INFO ] 20-04-2022 11:25:16 [main] Log - Navigate to Register page.
[INFO ] 20-04-2022 11:25:16 [main] Log - Register new account.
[INFO ] 20-04-2022 11:25:18 [main] Log - Navigate to Login page.
[INFO ] 20-04-2022 11:25:19 [main] Log - Login to Safe Railway.
[INFO ] 20-04-2022 11:25:21 [main] Log - Navigate to Book Ticket page.
[INFO ] 20-04-2022 11:25:21 [main] Log - Book ticket 1.
[INFO ] 20-04-2022 11:25:25 [main] Log - Navigate to Book Ticket page.
[INFO ] 20-04-2022 11:25:26 [main] Log - Book ticket 2.
[INFO ] 20-04-2022 11:25:26 [main] Log - Quit browser.
[INFO ] 20-04-2022 11:25:27 [main] Log - Navigate to Safe Railway.
[INFO ] 20-04-2022 11:25:28 [main] Log - Navigate to Register page.
[INFO ] 20-04-2022 11:25:29 [main] Log - Register new account.
[INFO ] 20-04-2022 11:25:31 [main] Log - Navigate to Login page.
[INFO ] 20-04-2022 11:25:32 [main] Log - Login to Safe Railway.
[INFO ] 20-04-2022 11:25:33 [main] Log - Navigate to Book Ticket page.
[INFO ] 20-04-2022 11:25:34 [main] Log - Book ticket 1.
[INFO ] 20-04-2022 11:25:34 [main] Log - Quit browser.
[INFO ] 20-04-2022 11:25:35 [main] Log - Navigate to Safe Railway.
[INFO ] 20-04-2022 11:25:37 [main] Log - Navigate to Register page.
[INFO ] 20-04-2022 11:25:38 [main] Log - Register new account.
[INFO ] 20-04-2022 11:25:40 [main] Log - Navigate to Login page.
[INFO ] 20-04-2022 11:25:40 [main] Log - Login to Safe Railway.
[INFO ] 20-04-2022 11:25:42 [main] Log - Navigate to Book Ticket page.
[INFO ] 20-04-2022 11:25:43 [main] Log - Book ticket 1.
[INFO ] 20-04-2022 11:25:43 [main] Log - Quit browser.
[INFO ] 20-04-2022 11:26:34 [main] Log - Navigate to Safe Railway.
[INFO ] 20-04-2022 11:26:36 [main] Log - Navigate to Register page.
[INFO ] 20-04-2022 11:26:37 [main] Log - Register new account.
[INFO ] 20-04-2022 11:26:38 [main] Log - Navigate to Login page.
[INFO ] 20-04-2022 11:26:39 [main] Log - Login to Safe Railway.
[INFO ] 20-04-2022 11:26:41 [main] Log - Navigate to Book Ticket page.
[INFO ] 20-04-2022 11:26:41 [main] Log - Book ticket 1.
[INFO ] 20-04-2022 11:26:45 [main] Log - Navigate to Book Ticket page.
[INFO ] 20-04-2022 11:26:46 [main] Log - Book ticket 2.
[INFO ] 20-04-2022 11:26:49 [main] Log - Navigate to Book Ticket page.
[INFO ] 20-04-2022 11:26:50 [main] Log - Book ticket 3.
[INFO ] 20-04-2022 11:26:53 [main] Log - Navigate to Book Ticket page.
[INFO ] 20-04-2022 11:26:54 [main] Log - Book ticket 4.
[INFO ] 20-04-2022 11:26:57 [main] Log - Navigate to Book Ticket page.
[INFO ] 20-04-2022 11:26:58 [main] Log - Book ticket 5.
[INFO ] 20-04-2022 11:27:01 [main] Log - Navigate to Book Ticket page.
[INFO ] 20-04-2022 11:27:02 [main] Log - Book ticket 6.
[INFO ] 20-04-2022 11:27:04 [main] Log - Quit browser.
[INFO ] 20-04-2022 11:27:05 [main] Log - Navigate to Safe Railway.
[INFO ] 20-04-2022 11:27:07 [main] Log - Navigate to Register page.
[INFO ] 20-04-2022 11:27:07 [main] Log - Register new account.
[INFO ] 20-04-2022 11:27:09 [main] Log - Navigate to Login page.
[INFO ] 20-04-2022 11:27:10 [main] Log - Login to Safe Railway.
[INFO ] 20-04-2022 11:27:11 [main] Log - Navigate to Book Ticket page.
[INFO ] 20-04-2022 11:27:12 [main] Log - Book ticket 1.
[INFO ] 20-04-2022 11:27:16 [main] Log - Navigate to Book Ticket page.
[INFO ] 20-04-2022 11:27:16 [main] Log - Book ticket 2.
[INFO ] 20-04-2022 11:27:20 [main] Log - Navigate to Book Ticket page.
[INFO ] 20-04-2022 11:27:20 [main] Log - Book ticket 3.
[INFO ] 20-04-2022 11:27:23 [main] Log - Navigate to Book Ticket page.
[INFO ] 20-04-2022 11:27:24 [main] Log - Book ticket 4.
[INFO ] 20-04-2022 11:27:27 [main] Log - Navigate to Book Ticket page.
[INFO ] 20-04-2022 11:27:28 [main] Log - Book ticket 5.
[INFO ] 20-04-2022 11:27:31 [main] Log - Navigate to Book Ticket page.
[INFO ] 20-04-2022 11:27:32 [main] Log - Book ticket 6.
[INFO ] 20-04-2022 11:27:35 [main] Log - Navigate to My Ticket Page.
[INFO ] 20-04-2022 11:27:36 [main] Log - Cancel ticket.
[INFO ] 20-04-2022 11:27:39 [main] Log - Check that the web page displays correctly with the description.
[INFO ] 20-04-2022 11:27:39 [main] Log - Quit browser.
[INFO ] 20-04-2022 11:27:40 [main] Log - Navigate to Safe Railway.
[INFO ] 20-04-2022 11:27:42 [main] Log - Navigate to Register page.
[INFO ] 20-04-2022 11:27:42 [main] Log - Quit browser.
[INFO ] 20-04-2022 11:27:58 [main] Log - Navigate to Safe Railway.
[INFO ] 20-04-2022 11:28:00 [main] Log - Navigate to Register page.
[INFO ] 20-04-2022 11:28:00 [main] Log - Register new account.
[INFO ] 20-04-2022 11:28:02 [main] Log - Navigate to Login page.
[INFO ] 20-04-2022 11:28:03 [main] Log - Login to Safe Railway.
[INFO ] 20-04-2022 11:28:04 [main] Log - Navigate to Book Ticket page.
[INFO ] 20-04-2022 11:28:05 [main] Log - Book ticket 1.
[INFO ] 20-04-2022 11:28:09 [main] Log - Navigate to Book Ticket page.
[INFO ] 20-04-2022 11:28:09 [main] Log - Book ticket 2.
[INFO ] 20-04-2022 11:28:12 [main] Log - Navigate to Book Ticket page.
[INFO ] 20-04-2022 11:28:13 [main] Log - Book ticket 3.
[INFO ] 20-04-2022 11:28:16 [main] Log - Navigate to Book Ticket page.
[INFO ] 20-04-2022 11:28:17 [main] Log - Book ticket 4.
[INFO ] 20-04-2022 11:28:20 [main] Log - Navigate to Book Ticket page.
[INFO ] 20-04-2022 11:28:21 [main] Log - Book ticket 5.
[INFO ] 20-04-2022 11:28:23 [main] Log - Quit browser.
[INFO ] 20-04-2022 11:28:24 [main] Log - Navigate to Safe Railway.
[INFO ] 20-04-2022 11:28:26 [main] Log - Navigate to Register page.
[INFO ] 20-04-2022 11:28:27 [main] Log - Register new account.
[INFO ] 20-04-2022 11:28:28 [main] Log - Navigate to Login page.
[INFO ] 20-04-2022 11:28:29 [main] Log - Login to Safe Railway.
[INFO ] 20-04-2022 11:28:31 [main] Log - Navigate to Book Ticket page.
[INFO ] 20-04-2022 11:28:31 [main] Log - Book ticket 1.
[INFO ] 20-04-2022 11:28:34 [main] Log - Quit browser.
[INFO ] 20-04-2022 11:28:35 [main] Log - Navigate to Safe Railway.
[INFO ] 20-04-2022 11:28:37 [main] Log - Navigate to Register page.
[INFO ] 20-04-2022 11:28:37 [main] Log - Register new account.
[INFO ] 20-04-2022 11:28:39 [main] Log - Navigate to Login page.
[INFO ] 20-04-2022 11:28:40 [main] Log - Login to Safe Railway.
[INFO ] 20-04-2022 11:28:42 [main] Log - Navigate to Book Ticket page.
[INFO ] 20-04-2022 11:28:42 [main] Log - Book ticket 1.
[INFO ] 20-04-2022 11:28:44 [main] Log - Quit browser.
[INFO ] 20-04-2022 11:29:01 [main] Log - Navigate to Safe Railway.
[INFO ] 20-04-2022 11:29:03 [main] Log - Navigate to Register page.
[INFO ] 20-04-2022 11:29:04 [main] Log - Register new account.
[INFO ] 20-04-2022 11:29:05 [main] Log - Navigate to Login page.
[INFO ] 20-04-2022 11:29:06 [main] Log - Login to Safe Railway.
[INFO ] 20-04-2022 11:29:08 [main] Log - Navigate to Book Ticket page.
[INFO ] 20-04-2022 11:29:09 [main] Log - Book ticket 1.
[INFO ] 20-04-2022 11:29:10 [main] Log - Quit browser.
[INFO ] 20-04-2022 11:29:11 [main] Log - Navigate to Safe Railway.
[INFO ] 20-04-2022 11:29:13 [main] Log - Navigate to Register page.
[INFO ] 20-04-2022 11:29:14 [main] Log - Register new account.
[INFO ] 20-04-2022 11:29:15 [main] Log - Navigate to Login page.
[INFO ] 20-04-2022 11:29:16 [main] Log - Login to Safe Railway.
[INFO ] 20-04-2022 11:29:18 [main] Log - Navigate to Book Ticket page.
[INFO ] 20-04-2022 11:29:19 [main] Log - Book ticket 1.
[INFO ] 20-04-2022 11:29:22 [main] Log - Navigate to Book Ticket page.
[INFO ] 20-04-2022 11:29:23 [main] Log - Book ticket 2.
[INFO ] 20-04-2022 11:29:25 [main] Log - Navigate to Book Ticket page.
[INFO ] 20-04-2022 11:29:26 [main] Log - Book ticket 3.
[INFO ] 20-04-2022 11:29:29 [main] Log - Navigate to Book Ticket page.
[INFO ] 20-04-2022 11:29:29 [main] Log - Book ticket 4.
[INFO ] 20-04-2022 11:29:32 [main] Log - Navigate to Book Ticket page.
[INFO ] 20-04-2022 11:29:33 [main] Log - Book ticket 5.
[INFO ] 20-04-2022 11:29:36 [main] Log - Navigate to Book Ticket page.
[INFO ] 20-04-2022 11:29:37 [main] Log - Book ticket 6.
[INFO ] 20-04-2022 11:29:40 [main] Log - Navigate to My Ticket Page.
[INFO ] 20-04-2022 11:29:41 [main] Log - Cancel ticket.
[INFO ] 20-04-2022 11:29:45 [main] Log - Check that the web page displays correctly with the description.
[INFO ] 20-04-2022 11:29:46 [main] Log - Quit browser.
[INFO ] 20-04-2022 11:29:47 [main] Log - Navigate to Safe Railway.
[INFO ] 20-04-2022 11:29:52 [main] Log - Navigate to Register page.
[INFO ] 20-04-2022 11:30:05 [main] Log - Quit browser.
[INFO ] 20-04-2022 11:30:31 [main] Log - Navigate to Safe Railway.
[INFO ] 20-04-2022 11:30:32 [main] Log - Navigate to Register page.
[INFO ] 20-04-2022 11:30:33 [main] Log - Register new account.
[INFO ] 20-04-2022 11:30:35 [main] Log - Navigate to Login page.
[INFO ] 20-04-2022 11:30:35 [main] Log - Login to Safe Railway.
[INFO ] 20-04-2022 11:30:37 [main] Log - Navigate to Book Ticket page.
[INFO ] 20-04-2022 11:30:38 [main] Log - Book ticket 1.
[INFO ] 20-04-2022 11:30:41 [main] Log - Navigate to Book Ticket page.
[INFO ] 20-04-2022 11:30:42 [main] Log - Book ticket 2.
[INFO ] 20-04-2022 11:30:44 [main] Log - Navigate to Book Ticket page.
[INFO ] 20-04-2022 11:30:45 [main] Log - Book ticket 3.
[INFO ] 20-04-2022 11:30:47 [main] Log - Quit browser.
[INFO ] 20-04-2022 11:30:48 [main] Log - Navigate to Safe Railway.
[INFO ] 20-04-2022 11:30:49 [main] Log - Navigate to Register page.
[INFO ] 20-04-2022 11:30:50 [main] Log - Register new account.
[INFO ] 20-04-2022 11:30:52 [main] Log - Navigate to Login page.
[INFO ] 20-04-2022 11:30:52 [main] Log - Login to Safe Railway.
[INFO ] 20-04-2022 11:30:54 [main] Log - Navigate to Book Ticket page.
[INFO ] 20-04-2022 11:30:55 [main] Log - Book ticket 1.
[INFO ] 20-04-2022 11:30:58 [main] Log - Navigate to Book Ticket page.
[INFO ] 20-04-2022 11:30:59 [main] Log - Book ticket 2.
[INFO ] 20-04-2022 11:31:02 [main] Log - Navigate to Book Ticket page.
[INFO ] 20-04-2022 11:31:02 [main] Log - Book ticket 3.
[INFO ] 20-04-2022 11:31:04 [main] Log - Quit browser.
[INFO ] 20-04-2022 11:31:05 [main] Log - Navigate to Safe Railway.
[INFO ] 20-04-2022 11:31:07 [main] Log - Navigate to Register page.
[INFO ] 20-04-2022 11:31:08 [main] Log - Register new account.
[INFO ] 20-04-2022 11:31:09 [main] Log - Navigate to Login page.
[INFO ] 20-04-2022 11:31:10 [main] Log - Login to Safe Railway.
[INFO ] 20-04-2022 11:31:12 [main] Log - Navigate to Book Ticket page.
[INFO ] 20-04-2022 11:31:12 [main] Log - Book ticket 1.
[INFO ] 20-04-2022 11:31:14 [main] Log - Quit browser.
[INFO ] 20-04-2022 11:31:32 [main] Log - Navigate to Safe Railway.
[INFO ] 20-04-2022 11:31:33 [main] Log - Navigate to Register page.
[INFO ] 20-04-2022 11:31:34 [main] Log - Register new account.
[INFO ] 20-04-2022 11:31:36 [main] Log - Navigate to Login page.
[INFO ] 20-04-2022 11:31:36 [main] Log - Login to Safe Railway.
[INFO ] 20-04-2022 11:31:38 [main] Log - Navigate to Book Ticket page.
[INFO ] 20-04-2022 11:31:39 [main] Log - Book ticket 1.
[INFO ] 20-04-2022 11:31:42 [main] Log - Navigate to Book Ticket page.
[INFO ] 20-04-2022 11:31:43 [main] Log - Book ticket 2.
[INFO ] 20-04-2022 11:31:46 [main] Log - Navigate to Book Ticket page.
[INFO ] 20-04-2022 11:31:46 [main] Log - Book ticket 3.
[INFO ] 20-04-2022 11:31:49 [main] Log - Navigate to Book Ticket page.
[INFO ] 20-04-2022 11:31:50 [main] Log - Book ticket 4.
[INFO ] 20-04-2022 11:31:53 [main] Log - Navigate to Book Ticket page.
[INFO ] 20-04-2022 11:31:54 [main] Log - Book ticket 5.
[INFO ] 20-04-2022 11:31:56 [main] Log - Navigate to Book Ticket page.
[INFO ] 20-04-2022 11:31:57 [main] Log - Book ticket 6.
[INFO ] 20-04-2022 11:32:00 [main] Log - Navigate to My Ticket Page.
[INFO ] 20-04-2022 11:32:01 [main] Log - Cancel ticket.
[INFO ] 20-04-2022 11:32:05 [main] Log - Check that the web page displays correctly with the description.
[INFO ] 20-04-2022 11:32:06 [main] Log - Quit browser.
[INFO ] 20-04-2022 11:32:07 [main] Log - Navigate to Safe Railway.
[INFO ] 20-04-2022 11:32:08 [main] Log - Navigate to Register page.
[INFO ] 20-04-2022 11:32:08 [main] Log - Quit browser.
[INFO ] 20-04-2022 11:32:10 [main] Log - Navigate to Safe Railway.
[INFO ] 20-04-2022 11:32:10 [main] Log - Navigate to Register page.
[INFO ] 20-04-2022 11:32:10 [main] Log - Quit browser.
[INFO ] 20-04-2022 11:33:01 [main] Log - Navigate to Safe Railway.
[INFO ] 20-04-2022 11:33:03 [main] Log - Navigate to Register page.
[INFO ] 20-04-2022 11:33:03 [main] Log - Register new account.
[INFO ] 20-04-2022 11:33:05 [main] Log - Navigate to Login page.
[INFO ] 20-04-2022 11:33:06 [main] Log - Login to Safe Railway.
[INFO ] 20-04-2022 11:33:08 [main] Log - Navigate to Book Ticket page.
[INFO ] 20-04-2022 11:33:09 [main] Log - Book ticket 1.
[INFO ] 20-04-2022 11:33:12 [main] Log - Navigate to Book Ticket page.
[INFO ] 20-04-2022 11:33:13 [main] Log - Book ticket 2.
[INFO ] 20-04-2022 11:33:15 [main] Log - Navigate to Book Ticket page.
[INFO ] 20-04-2022 11:33:16 [main] Log - Book ticket 3.
[INFO ] 20-04-2022 11:33:18 [main] Log - Quit browser.
[INFO ] 20-04-2022 11:33:19 [main] Log - Navigate to Safe Railway.
[INFO ] 20-04-2022 11:33:20 [main] Log - Navigate to Register page.
[INFO ] 20-04-2022 11:33:21 [main] Log - Register new account.
[INFO ] 20-04-2022 11:33:23 [main] Log - Navigate to Login page.
[INFO ] 20-04-2022 11:33:23 [main] Log - Login to Safe Railway.
[INFO ] 20-04-2022 11:33:25 [main] Log - Navigate to Book Ticket page.
[INFO ] 20-04-2022 11:33:26 [main] Log - Book ticket 1.
[INFO ] 20-04-2022 11:33:29 [main] Log - Navigate to Book Ticket page.
[INFO ] 20-04-2022 11:33:29 [main] Log - Book ticket 2.
[INFO ] 20-04-2022 11:33:32 [main] Log - Navigate to Book Ticket page.
[INFO ] 20-04-2022 11:33:33 [main] Log - Book ticket 3.
[INFO ] 20-04-2022 11:33:35 [main] Log - Navigate to Book Ticket page.
[INFO ] 20-04-2022 11:33:36 [main] Log - Book ticket 4.
[INFO ] 20-04-2022 11:33:39 [main] Log - Navigate to Book Ticket page.
[INFO ] 20-04-2022 11:33:40 [main] Log - Book ticket 5.
[INFO ] 20-04-2022 11:33:43 [main] Log - Navigate to Book Ticket page.
[INFO ] 20-04-2022 11:33:44 [main] Log - Book ticket 6.
[INFO ] 20-04-2022 11:33:45 [main] Log - Quit browser.
[INFO ] 20-04-2022 11:33:46 [main] Log - Navigate to Safe Railway.
[INFO ] 20-04-2022 11:33:48 [main] Log - Navigate to Register page.
[INFO ] 20-04-2022 11:33:49 [main] Log - Register new account.
[INFO ] 20-04-2022 11:33:50 [main] Log - Navigate to Login page.
[INFO ] 20-04-2022 11:33:51 [main] Log - Login to Safe Railway.
[INFO ] 20-04-2022 11:33:53 [main] Log - Navigate to Book Ticket page.
[INFO ] 20-04-2022 11:33:53 [main] Log - Book ticket 1.
[INFO ] 20-04-2022 11:33:55 [main] Log - Quit browser.
[INFO ] 20-04-2022 11:34:02 [main] Log - Navigate to Safe Railway.
[INFO ] 20-04-2022 11:34:04 [main] Log - Navigate to Register page.
[INFO ] 20-04-2022 11:34:05 [main] Log - Register new account.
[INFO ] 20-04-2022 11:34:06 [main] Log - Navigate to Login page.
[INFO ] 20-04-2022 11:34:07 [main] Log - Login to Safe Railway.
[INFO ] 20-04-2022 11:34:09 [main] Log - Navigate to Book Ticket page.
[INFO ] 20-04-2022 11:34:09 [main] Log - Book ticket 1.
[INFO ] 20-04-2022 11:34:13 [main] Log - Navigate to Book Ticket page.
[INFO ] 20-04-2022 11:34:13 [main] Log - Book ticket 2.
[INFO ] 20-04-2022 11:34:16 [main] Log - Navigate to Book Ticket page.
[INFO ] 20-04-2022 11:34:17 [main] Log - Book ticket 3.
[INFO ] 20-04-2022 11:34:19 [main] Log - Navigate to Book Ticket page.
[INFO ] 20-04-2022 11:34:20 [main] Log - Book ticket 4.
[INFO ] 20-04-2022 11:34:23 [main] Log - Navigate to Book Ticket page.
[INFO ] 20-04-2022 11:34:24 [main] Log - Book ticket 5.
[INFO ] 20-04-2022 11:34:27 [main] Log - Navigate to Book Ticket page.
[INFO ] 20-04-2022 11:34:27 [main] Log - Book ticket 6.
[INFO ] 20-04-2022 11:34:30 [main] Log - Navigate to My Ticket Page.
[INFO ] 20-04-2022 11:34:31 [main] Log - Cancel ticket.
[INFO ] 20-04-2022 11:34:36 [main] Log - Check that the web page displays correctly with the description.
[INFO ] 20-04-2022 11:34:37 [main] Log - Quit browser.
[INFO ] 20-04-2022 11:34:37 [main] Log - Navigate to Safe Railway.
[INFO ] 20-04-2022 11:34:39 [main] Log - Navigate to Register page.
[INFO ] 20-04-2022 11:34:39 [main] Log - Quit browser.
[INFO ] 20-04-2022 11:34:40 [main] Log - Navigate to Safe Railway.
[INFO ] 20-04-2022 11:35:16 [main] Log - Navigate to Safe Railway.
[INFO ] 20-04-2022 11:35:18 [main] Log - Navigate to Register page.
[INFO ] 20-04-2022 11:35:18 [main] Log - Register new account.
[INFO ] 20-04-2022 11:35:20 [main] Log - Navigate to Login page.
[INFO ] 20-04-2022 11:35:21 [main] Log - Login to Safe Railway.
[INFO ] 20-04-2022 11:35:22 [main] Log - Navigate to Book Ticket page.
[INFO ] 20-04-2022 11:35:23 [main] Log - Book ticket 1.
[INFO ] 20-04-2022 11:35:26 [main] Log - Navigate to Book Ticket page.
[INFO ] 20-04-2022 11:35:27 [main] Log - Book ticket 2.
[INFO ] 20-04-2022 11:35:29 [main] Log - Navigate to Book Ticket page.
[INFO ] 20-04-2022 11:35:30 [main] Log - Book ticket 3.
[INFO ] 20-04-2022 11:35:32 [main] Log - Quit browser.
[INFO ] 20-04-2022 11:35:33 [main] Log - Navigate to Safe Railway.
[INFO ] 20-04-2022 11:35:35 [main] Log - Navigate to Register page.
[INFO ] 20-04-2022 11:35:35 [main] Log - Register new account.
[INFO ] 20-04-2022 11:35:37 [main] Log - Navigate to Login page.
[INFO ] 20-04-2022 11:35:38 [main] Log - Login to Safe Railway.
[INFO ] 20-04-2022 11:35:39 [main] Log - Navigate to Book Ticket page.
[INFO ] 20-04-2022 11:35:40 [main] Log - Book ticket 1.
[INFO ] 20-04-2022 11:35:43 [main] Log - Navigate to Book Ticket page.
[INFO ] 20-04-2022 11:35:44 [main] Log - Book ticket 2.
[INFO ] 20-04-2022 11:35:46 [main] Log - Navigate to Book Ticket page.
[INFO ] 20-04-2022 11:35:47 [main] Log - Book ticket 3.
[INFO ] 20-04-2022 11:35:49 [main] Log - Quit browser.
[INFO ] 20-04-2022 11:35:50 [main] Log - Navigate to Safe Railway.
[INFO ] 20-04-2022 11:35:52 [main] Log - Navigate to Register page.
[INFO ] 20-04-2022 11:35:52 [main] Log - Register new account.
[INFO ] 20-04-2022 11:35:54 [main] Log - Navigate to Login page.
[INFO ] 20-04-2022 11:35:55 [main] Log - Login to Safe Railway.
[INFO ] 20-04-2022 11:35:56 [main] Log - Navigate to Book Ticket page.
[INFO ] 20-04-2022 11:35:57 [main] Log - Book ticket 1.
[INFO ] 20-04-2022 11:36:00 [main] Log - Navigate to Book Ticket page.
[INFO ] 20-04-2022 11:36:01 [main] Log - Book ticket 2.
[INFO ] 20-04-2022 11:36:04 [main] Log - Navigate to Book Ticket page.
[INFO ] 20-04-2022 11:36:04 [main] Log - Book ticket 3.
[INFO ] 20-04-2022 11:36:07 [main] Log - Navigate to Book Ticket page.
[INFO ] 20-04-2022 11:36:08 [main] Log - Book ticket 4.
[INFO ] 20-04-2022 11:36:11 [main] Log - Navigate to Book Ticket page.
[INFO ] 20-04-2022 11:36:11 [main] Log - Book ticket 5.
[INFO ] 20-04-2022 11:36:14 [main] Log - Navigate to Book Ticket page.
[INFO ] 20-04-2022 11:36:15 [main] Log - Book ticket 6.
[INFO ] 20-04-2022 11:36:17 [main] Log - Quit browser.
[INFO ] 20-04-2022 11:36:26 [main] Log - Navigate to Safe Railway.
[INFO ] 20-04-2022 11:36:28 [main] Log - Navigate to Register page.
[INFO ] 20-04-2022 11:36:29 [main] Log - Register new account.
[INFO ] 20-04-2022 11:36:31 [main] Log - Navigate to Login page.
[INFO ] 20-04-2022 11:36:31 [main] Log - Login to Safe Railway.
[INFO ] 20-04-2022 11:36:33 [main] Log - Navigate to Book Ticket page.
[INFO ] 20-04-2022 11:36:34 [main] Log - Book ticket 1.
[INFO ] 20-04-2022 11:36:37 [main] Log - Navigate to Book Ticket page.
[INFO ] 20-04-2022 11:36:37 [main] Log - Book ticket 2.
[INFO ] 20-04-2022 11:36:40 [main] Log - Navigate to Book Ticket page.
[INFO ] 20-04-2022 11:36:41 [main] Log - Book ticket 3.
[INFO ] 20-04-2022 11:36:43 [main] Log - Navigate to Book Ticket page.
[INFO ] 20-04-2022 11:36:44 [main] Log - Book ticket 4.
[INFO ] 20-04-2022 11:36:46 [main] Log - Quit browser.
[INFO ] 20-04-2022 11:36:47 [main] Log - Navigate to Safe Railway.
[INFO ] 20-04-2022 11:36:49 [main] Log - Navigate to Register page.
[INFO ] 20-04-2022 11:36:49 [main] Log - Register new account.
[INFO ] 20-04-2022 11:36:51 [main] Log - Navigate to Login page.
[INFO ] 20-04-2022 11:36:52 [main] Log - Login to Safe Railway.
[INFO ] 20-04-2022 11:36:53 [main] Log - Navigate to Book Ticket page.
[INFO ] 20-04-2022 11:36:54 [main] Log - Book ticket 1.
[INFO ] 20-04-2022 11:36:57 [main] Log - Navigate to Book Ticket page.
[INFO ] 20-04-2022 11:36:58 [main] Log - Book ticket 2.
[INFO ] 20-04-2022 11:36:59 [main] Log - Quit browser.
[INFO ] 20-04-2022 11:37:00 [main] Log - Navigate to Safe Railway.
[INFO ] 20-04-2022 11:37:02 [main] Log - Navigate to Register page.
[INFO ] 20-04-2022 11:37:03 [main] Log - Register new account.
[INFO ] 20-04-2022 11:37:04 [main] Log - Navigate to Login page.
[INFO ] 20-04-2022 11:37:05 [main] Log - Login to Safe Railway.
[INFO ] 20-04-2022 11:37:07 [main] Log - Navigate to Book Ticket page.
[INFO ] 20-04-2022 11:37:08 [main] Log - Book ticket 1.
[INFO ] 20-04-2022 11:37:11 [main] Log - Navigate to Book Ticket page.
[INFO ] 20-04-2022 11:37:11 [main] Log - Book ticket 2.
[INFO ] 20-04-2022 11:37:14 [main] Log - Navigate to Book Ticket page.
[INFO ] 20-04-2022 11:37:15 [main] Log - Book ticket 3.
[INFO ] 20-04-2022 11:37:16 [main] Log - Quit browser.
[INFO ] 20-04-2022 11:41:35 [main] Log - Navigate to Safe Railway.
[INFO ] 20-04-2022 11:41:38 [main] Log - Navigate to Register page.
[INFO ] 20-04-2022 11:41:38 [main] Log - Register new account.
[INFO ] 20-04-2022 11:41:40 [main] Log - Navigate to Login page.
[INFO ] 20-04-2022 11:41:41 [main] Log - Login to Safe Railway.
[INFO ] 20-04-2022 11:41:43 [main] Log - Navigate to Book Ticket page.
[INFO ] 20-04-2022 11:41:43 [main] Log - Book ticket 1.
[INFO ] 20-04-2022 11:41:43 [main] Log - Quit browser.
[INFO ] 20-04-2022 11:41:44 [main] Log - Navigate to Safe Railway.
[INFO ] 20-04-2022 11:41:46 [main] Log - Navigate to Register page.
[INFO ] 20-04-2022 11:41:47 [main] Log - Register new account.
[INFO ] 20-04-2022 11:41:48 [main] Log - Navigate to Login page.
[INFO ] 20-04-2022 11:41:49 [main] Log - Login to Safe Railway.
[INFO ] 20-04-2022 11:41:51 [main] Log - Navigate to Book Ticket page.
[INFO ] 20-04-2022 11:41:52 [main] Log - Book ticket 1.
[INFO ] 20-04-2022 11:41:55 [main] Log - Navigate to Book Ticket page.
[INFO ] 20-04-2022 11:41:55 [main] Log - Book ticket 2.
[INFO ] 20-04-2022 11:41:58 [main] Log - Navigate to Book Ticket page.
[INFO ] 20-04-2022 11:41:59 [main] Log - Book ticket 3.
[INFO ] 20-04-2022 11:41:59 [main] Log - Quit browser.
[INFO ] 20-04-2022 11:42:00 [main] Log - Navigate to Safe Railway.
[INFO ] 20-04-2022 11:42:01 [main] Log - Navigate to Register page.
[INFO ] 20-04-2022 11:42:01 [main] Log - Quit browser.
[INFO ] 20-04-2022 11:42:03 [main] Log - Navigate to Safe Railway.
[INFO ] 20-04-2022 11:42:04 [main] Log - Navigate to Register page.
[INFO ] 20-04-2022 11:42:05 [main] Log - Register new account.
[INFO ] 20-04-2022 11:42:05 [main] Log - Quit browser.
[INFO ] 20-04-2022 11:42:06 [main] Log - Navigate to Safe Railway.
[INFO ] 20-04-2022 11:42:32 [main] Log - Navigate to Safe Railway.
[INFO ] 20-04-2022 11:42:34 [main] Log - Navigate to Register page.
[INFO ] 20-04-2022 11:42:35 [main] Log - Register new account.
[INFO ] 20-04-2022 11:42:36 [main] Log - Navigate to Login page.
[INFO ] 20-04-2022 11:42:37 [main] Log - Login to Safe Railway.
[INFO ] 20-04-2022 11:42:39 [main] Log - Navigate to Book Ticket page.
[INFO ] 20-04-2022 11:42:40 [main] Log - Book ticket 1.
[INFO ] 20-04-2022 11:42:41 [main] Log - Quit browser.
[INFO ] 20-04-2022 11:42:42 [main] Log - Navigate to Safe Railway.
[INFO ] 20-04-2022 11:42:44 [main] Log - Navigate to Register page.
[INFO ] 20-04-2022 11:42:45 [main] Log - Register new account.
[INFO ] 20-04-2022 11:42:47 [main] Log - Navigate to Login page.
[INFO ] 20-04-2022 11:42:47 [main] Log - Login to Safe Railway.
[INFO ] 20-04-2022 11:42:49 [main] Log - Navigate to Book Ticket page.
[INFO ] 20-04-2022 11:42:50 [main] Log - Book ticket 1.
[INFO ] 20-04-2022 11:42:53 [main] Log - Navigate to Book Ticket page.
[INFO ] 20-04-2022 11:42:53 [main] Log - Book ticket 2.
[INFO ] 20-04-2022 11:42:56 [main] Log - Navigate to Book Ticket page.
[INFO ] 20-04-2022 11:42:57 [main] Log - Book ticket 3.
[INFO ] 20-04-2022 11:42:59 [main] Log - Navigate to Book Ticket page.
[INFO ] 20-04-2022 11:43:00 [main] Log - Book ticket 4.
[INFO ] 20-04-2022 11:43:02 [main] Log - Quit browser.
[INFO ] 20-04-2022 11:43:03 [main] Log - Navigate to Safe Railway.
[INFO ] 20-04-2022 11:43:04 [main] Log - Navigate to Register page.
[INFO ] 20-04-2022 11:43:05 [main] Log - Register new account.
[INFO ] 20-04-2022 11:43:07 [main] Log - Navigate to Login page.
[INFO ] 20-04-2022 11:43:07 [main] Log - Login to Safe Railway.
[INFO ] 20-04-2022 11:43:09 [main] Log - Navigate to Book Ticket page.
[INFO ] 20-04-2022 11:43:11 [main] Log - Book ticket 1.
[INFO ] 20-04-2022 11:43:12 [main] Log - Quit browser.
[INFO ] 20-04-2022 11:43:13 [main] Log - Navigate to Safe Railway.
[INFO ] 20-04-2022 11:43:15 [main] Log - Navigate to Register page.
[INFO ] 20-04-2022 11:43:15 [main] Log - Register new account.
[INFO ] 20-04-2022 11:43:17 [main] Log - Navigate to Login page.
[INFO ] 20-04-2022 11:43:18 [main] Log - Login to Safe Railway.
[INFO ] 20-04-2022 11:43:19 [main] Log - Navigate to Book Ticket page.
[INFO ] 20-04-2022 11:43:20 [main] Log - Book ticket 1.
[INFO ] 20-04-2022 11:43:23 [main] Log - Navigate to Book Ticket page.
[INFO ] 20-04-2022 11:43:24 [main] Log - Book ticket 2.
[INFO ] 20-04-2022 11:43:27 [main] Log - Navigate to Book Ticket page.
[INFO ] 20-04-2022 11:43:27 [main] Log - Book ticket 3.
[INFO ] 20-04-2022 11:43:30 [main] Log - Navigate to Book Ticket page.
[INFO ] 20-04-2022 11:43:31 [main] Log - Book ticket 4.
[INFO ] 20-04-2022 11:43:34 [main] Log - Navigate to Book Ticket page.
[INFO ] 20-04-2022 11:43:34 [main] Log - Book ticket 5.
[INFO ] 20-04-2022 11:43:37 [main] Log - Navigate to Book Ticket page.
[INFO ] 20-04-2022 11:43:38 [main] Log - Book ticket 6.
[INFO ] 20-04-2022 11:43:41 [main] Log - Navigate to My Ticket Page.
[INFO ] 20-04-2022 11:43:41 [main] Log - Cancel ticket.
[INFO ] 20-04-2022 11:43:45 [main] Log - Check that the web page displays correctly with the description.
[INFO ] 20-04-2022 11:43:46 [main] Log - Quit browser.
[INFO ] 20-04-2022 11:43:47 [main] Log - Navigate to Safe Railway.
[INFO ] 20-04-2022 11:43:49 [main] Log - Navigate to Register page.
[INFO ] 20-04-2022 11:43:49 [main] Log - Register new account.
[INFO ] 20-04-2022 11:43:51 [main] Log - Navigate to Login page.
[INFO ] 20-04-2022 11:43:52 [main] Log - Login to Safe Railway.
[INFO ] 20-04-2022 11:43:53 [main] Log - Navigate to Book Ticket page.
[INFO ] 20-04-2022 11:43:54 [main] Log - Book ticket 1.
[INFO ] 20-04-2022 11:43:57 [main] Log - Navigate to Book Ticket page.
[INFO ] 20-04-2022 11:43:58 [main] Log - Book ticket 2.
[INFO ] 20-04-2022 11:44:01 [main] Log - Navigate to Book Ticket page.
[INFO ] 20-04-2022 11:44:01 [main] Log - Book ticket 3.
[INFO ] 20-04-2022 11:44:04 [main] Log - Navigate to Book Ticket page.
[INFO ] 20-04-2022 11:44:05 [main] Log - Book ticket 4.
[INFO ] 20-04-2022 11:44:06 [main] Log - Quit browser.
[INFO ] 20-04-2022 11:44:07 [main] Log - Navigate to Safe Railway.
[INFO ] 20-04-2022 11:44:09 [main] Log - Navigate to Register page.
[INFO ] 20-04-2022 11:44:10 [main] Log - Register new account.
[INFO ] 20-04-2022 11:44:11 [main] Log - Navigate to Login page.
[INFO ] 20-04-2022 11:44:12 [main] Log - Login to Safe Railway.
[INFO ] 20-04-2022 11:44:14 [main] Log - Navigate to Book Ticket page.
[INFO ] 20-04-2022 11:44:15 [main] Log - Book ticket 1.
[INFO ] 20-04-2022 11:44:18 [main] Log - Navigate to Book Ticket page.
[INFO ] 20-04-2022 11:44:18 [main] Log - Book ticket 2.
[INFO ] 20-04-2022 11:44:20 [main] Log - Quit browser.
[INFO ] 20-04-2022 11:45:07 [main] Log - Navigate to Safe Railway.
[INFO ] 20-04-2022 11:45:10 [main] Log - Navigate to Register page.
[INFO ] 20-04-2022 11:45:10 [main] Log - Register new account.
[INFO ] 20-04-2022 11:45:12 [main] Log - Navigate to Login page.
[INFO ] 20-04-2022 11:45:12 [main] Log - Login to Safe Railway.
[INFO ] 20-04-2022 11:45:14 [main] Log - Navigate to Book Ticket page.
[INFO ] 20-04-2022 11:45:14 [main] Log - Book ticket 1.
[INFO ] 20-04-2022 11:45:18 [main] Log - Navigate to Book Ticket page.
[INFO ] 20-04-2022 11:45:18 [main] Log - Book ticket 2.
[INFO ] 20-04-2022 11:45:20 [main] Log - Quit browser.
[INFO ] 20-04-2022 11:45:23 [main] Log - Navigate to Safe Railway.
[INFO ] 20-04-2022 11:45:25 [main] Log - Navigate to Register page.
[INFO ] 20-04-2022 11:45:26 [main] Log - Register new account.
[INFO ] 20-04-2022 11:45:28 [main] Log - Navigate to Login page.
[INFO ] 20-04-2022 11:45:29 [main] Log - Login to Safe Railway.
[INFO ] 20-04-2022 11:45:31 [main] Log - Navigate to Book Ticket page.
[INFO ] 20-04-2022 11:45:31 [main] Log - Book ticket 1.
[INFO ] 20-04-2022 11:45:34 [main] Log - Navigate to Book Ticket page.
[INFO ] 20-04-2022 11:45:35 [main] Log - Book ticket 2.
[INFO ] 20-04-2022 11:45:38 [main] Log - Navigate to Book Ticket page.
[INFO ] 20-04-2022 11:45:39 [main] Log - Book ticket 3.
[INFO ] 20-04-2022 11:45:42 [main] Log - Navigate to Book Ticket page.
[INFO ] 20-04-2022 11:45:43 [main] Log - Book ticket 4.
[INFO ] 20-04-2022 11:45:46 [main] Log - Navigate to Book Ticket page.
[INFO ] 20-04-2022 11:45:46 [main] Log - Book ticket 5.
[INFO ] 20-04-2022 11:45:49 [main] Log - Navigate to Book Ticket page.
[INFO ] 20-04-2022 11:45:50 [main] Log - Book ticket 6.
[INFO ] 20-04-2022 11:45:53 [main] Log - Navigate to My Ticket Page.
[INFO ] 20-04-2022 11:45:54 [main] Log - Check that the web page displays correctly with the description.
[INFO ] 20-04-2022 11:45:54 [main] Log - Quit browser.
[INFO ] 20-04-2022 11:45:58 [main] Log - Navigate to Safe Railway.
[INFO ] 20-04-2022 11:46:00 [main] Log - Navigate to Register page.
[INFO ] 20-04-2022 11:46:00 [main] Log - Register new account.
[INFO ] 20-04-2022 11:46:02 [main] Log - Navigate to Login page.
[INFO ] 20-04-2022 11:46:02 [main] Log - Login to Safe Railway.
[INFO ] 20-04-2022 11:46:04 [main] Log - Navigate to Book Ticket page.
[INFO ] 20-04-2022 11:46:04 [main] Log - Book ticket 1.
[INFO ] 20-04-2022 11:46:07 [main] Log - Navigate to Book Ticket page.
[INFO ] 20-04-2022 11:46:08 [main] Log - Book ticket 2.
[INFO ] 20-04-2022 11:46:11 [main] Log - Navigate to Book Ticket page.
[INFO ] 20-04-2022 11:46:12 [main] Log - Book ticket 3.
[INFO ] 20-04-2022 11:46:15 [main] Log - Navigate to Book Ticket page.
[INFO ] 20-04-2022 11:46:16 [main] Log - Book ticket 4.
[INFO ] 20-04-2022 11:46:19 [main] Log - Navigate to Book Ticket page.
[INFO ] 20-04-2022 11:46:19 [main] Log - Book ticket 5.
[INFO ] 20-04-2022 11:46:22 [main] Log - Navigate to Book Ticket page.
[INFO ] 20-04-2022 11:46:23 [main] Log - Book ticket 6.
[INFO ] 20-04-2022 11:46:26 [main] Log - Navigate to My Ticket Page.
[INFO ] 20-04-2022 11:46:27 [main] Log - Check that the web page displays correctly with the description.
[INFO ] 20-04-2022 11:46:27 [main] Log - Quit browser.
[INFO ] 20-04-2022 11:46:30 [main] Log - Navigate to Safe Railway.
[INFO ] 20-04-2022 11:46:33 [main] Log - Navigate to Register page.
[INFO ] 20-04-2022 11:46:33 [main] Log - Register new account.
[INFO ] 20-04-2022 11:46:34 [main] Log - Navigate to Login page.
[INFO ] 20-04-2022 11:46:35 [main] Log - Login to Safe Railway.
[INFO ] 20-04-2022 11:46:37 [main] Log - Navigate to Book Ticket page.
[INFO ] 20-04-2022 11:46:37 [main] Log - Book ticket 1.
[INFO ] 20-04-2022 11:46:40 [main] Log - Navigate to Book Ticket page.
[INFO ] 20-04-2022 11:46:41 [main] Log - Book ticket 2.
[INFO ] 20-04-2022 11:46:44 [main] Log - Navigate to Book Ticket page.
[INFO ] 20-04-2022 11:46:45 [main] Log - Book ticket 3.
[INFO ] 20-04-2022 11:46:48 [main] Log - Navigate to Book Ticket page.
[INFO ] 20-04-2022 11:46:48 [main] Log - Book ticket 4.
[INFO ] 20-04-2022 11:46:51 [main] Log - Navigate to Book Ticket page.
[INFO ] 20-04-2022 11:46:52 [main] Log - Book ticket 5.
[INFO ] 20-04-2022 11:46:55 [main] Log - Navigate to Book Ticket page.
[INFO ] 20-04-2022 11:46:56 [main] Log - Book ticket 6.
[INFO ] 20-04-2022 11:46:59 [main] Log - Navigate to My Ticket Page.
[INFO ] 20-04-2022 11:47:00 [main] Log - Cancel ticket.
[INFO ] 20-04-2022 11:47:00 [main] Log - Check that the web page displays correctly with the description.
[INFO ] 20-04-2022 11:47:00 [main] Log - Quit browser.
[INFO ] 20-04-2022 11:47:04 [main] Log - Navigate to Safe Railway.
[INFO ] 20-04-2022 11:47:06 [main] Log - Navigate to Register page.
[INFO ] 20-04-2022 11:47:06 [main] Log - Register new account.
[INFO ] 20-04-2022 11:47:08 [main] Log - Navigate to Login page.
[INFO ] 20-04-2022 11:47:09 [main] Log - Login to Safe Railway.
[INFO ] 20-04-2022 11:47:10 [main] Log - Navigate to Book Ticket page.
[INFO ] 20-04-2022 11:47:11 [main] Log - Book ticket 1.
[INFO ] 20-04-2022 11:47:14 [main] Log - Navigate to Book Ticket page.
[INFO ] 20-04-2022 11:47:14 [main] Log - Book ticket 2.
[INFO ] 20-04-2022 11:47:17 [main] Log - Navigate to Book Ticket page.
[INFO ] 20-04-2022 11:47:18 [main] Log - Book ticket 3.
[INFO ] 20-04-2022 11:47:21 [main] Log - Navigate to Book Ticket page.
[INFO ] 20-04-2022 11:47:22 [main] Log - Book ticket 4.
[INFO ] 20-04-2022 11:47:25 [main] Log - Navigate to Book Ticket page.
[INFO ] 20-04-2022 11:47:25 [main] Log - Book ticket 5.
[INFO ] 20-04-2022 11:47:28 [main] Log - Navigate to Book Ticket page.
[INFO ] 20-04-2022 11:47:29 [main] Log - Book ticket 6.
[INFO ] 20-04-2022 11:47:32 [main] Log - Navigate to My Ticket Page.
[INFO ] 20-04-2022 11:47:33 [main] Log - Cancel ticket.
[INFO ] 20-04-2022 11:47:33 [main] Log - Check that the web page displays correctly with the description.
[INFO ] 20-04-2022 11:47:33 [main] Log - Quit browser.
[INFO ] 20-04-2022 11:47:37 [main] Log - Navigate to Safe Railway.
[INFO ] 20-04-2022 11:47:38 [main] Log - Navigate to Register page.
[INFO ] 20-04-2022 11:47:38 [main] Log - Quit browser.
[INFO ] 20-04-2022 11:48:23 [main] Log - Navigate to Safe Railway.
[INFO ] 20-04-2022 11:48:25 [main] Log - Navigate to Register page.
[INFO ] 20-04-2022 11:48:25 [main] Log - Register new account.
[INFO ] 20-04-2022 11:48:27 [main] Log - Navigate to Login page.
[INFO ] 20-04-2022 11:48:28 [main] Log - Login to Safe Railway.
[INFO ] 20-04-2022 11:48:30 [main] Log - Navigate to Book Ticket page.
[INFO ] 20-04-2022 11:48:30 [main] Log - Book ticket 1.
[INFO ] 20-04-2022 11:48:34 [main] Log - Navigate to Book Ticket page.
[INFO ] 20-04-2022 11:48:34 [main] Log - Book ticket 2.
[INFO ] 20-04-2022 11:48:36 [main] Log - Quit browser.
[INFO ] 20-04-2022 11:48:37 [main] Log - Navigate to Safe Railway.
[INFO ] 20-04-2022 11:48:39 [main] Log - Navigate to Register page.
[INFO ] 20-04-2022 11:48:39 [main] Log - Register new account.
[INFO ] 20-04-2022 11:48:41 [main] Log - Navigate to Login page.
[INFO ] 20-04-2022 11:48:42 [main] Log - Login to Safe Railway.
[INFO ] 20-04-2022 11:48:43 [main] Log - Navigate to Book Ticket page.
[INFO ] 20-04-2022 11:48:44 [main] Log - Book ticket 1.
[INFO ] 20-04-2022 11:48:47 [main] Log - Navigate to Book Ticket page.
[INFO ] 20-04-2022 11:48:48 [main] Log - Book ticket 2.
[INFO ] 20-04-2022 11:48:51 [main] Log - Navigate to Book Ticket page.
[INFO ] 20-04-2022 11:48:52 [main] Log - Book ticket 3.
[INFO ] 20-04-2022 11:48:55 [main] Log - Navigate to Book Ticket page.
[INFO ] 20-04-2022 11:48:55 [main] Log - Book ticket 4.
[INFO ] 20-04-2022 11:48:57 [main] Log - Quit browser.
[INFO ] 20-04-2022 11:48:58 [main] Log - Navigate to Safe Railway.
[INFO ] 20-04-2022 11:49:00 [main] Log - Navigate to Register page.
[INFO ] 20-04-2022 11:49:01 [main] Log - Register new account.
[INFO ] 20-04-2022 11:49:02 [main] Log - Navigate to Login page.
[INFO ] 20-04-2022 11:49:03 [main] Log - Login to Safe Railway.
[INFO ] 20-04-2022 11:49:05 [main] Log - Navigate to Book Ticket page.
[INFO ] 20-04-2022 11:49:06 [main] Log - Book ticket 1.
[INFO ] 20-04-2022 11:49:09 [main] Log - Navigate to Book Ticket page.
[INFO ] 20-04-2022 11:49:09 [main] Log - Book ticket 2.
[INFO ] 20-04-2022 11:49:12 [main] Log - Navigate to Book Ticket page.
[INFO ] 20-04-2022 11:49:13 [main] Log - Book ticket 3.
[INFO ] 20-04-2022 11:49:14 [main] Log - Quit browser.
[INFO ] 20-04-2022 11:49:16 [main] Log - Navigate to Safe Railway.
[INFO ] 20-04-2022 11:49:17 [main] Log - Navigate to Register page.
[INFO ] 20-04-2022 11:49:18 [main] Log - Register new account.
[INFO ] 20-04-2022 11:49:20 [main] Log - Navigate to Login page.
[INFO ] 20-04-2022 11:49:20 [main] Log - Login to Safe Railway.
[INFO ] 20-04-2022 11:49:22 [main] Log - Navigate to Book Ticket page.
[INFO ] 20-04-2022 11:49:23 [main] Log - Book ticket 1.
[INFO ] 20-04-2022 11:49:26 [main] Log - Navigate to Book Ticket page.
[INFO ] 20-04-2022 11:49:27 [main] Log - Book ticket 2.
[INFO ] 20-04-2022 11:49:29 [main] Log - Navigate to Book Ticket page.
[INFO ] 20-04-2022 11:49:30 [main] Log - Book ticket 3.
[INFO ] 20-04-2022 11:49:33 [main] Log - Navigate to Book Ticket page.
[INFO ] 20-04-2022 11:49:33 [main] Log - Book ticket 4.
[INFO ] 20-04-2022 11:49:36 [main] Log - Navigate to Book Ticket page.
[INFO ] 20-04-2022 11:49:37 [main] Log - Book ticket 5.
[INFO ] 20-04-2022 11:49:40 [main] Log - Navigate to Book Ticket page.
[INFO ] 20-04-2022 11:49:41 [main] Log - Book ticket 6.
[INFO ] 20-04-2022 11:49:44 [main] Log - Navigate to My Ticket Page.
[INFO ] 20-04-2022 11:49:45 [main] Log - Cancel ticket.
[INFO ] 20-04-2022 11:49:49 [main] Log - Check that the web page displays correctly with the description.
[INFO ] 20-04-2022 11:49:49 [main] Log - Quit browser.
[INFO ] 20-04-2022 11:49:50 [main] Log - Navigate to Safe Railway.
[INFO ] 20-04-2022 11:49:52 [main] Log - Navigate to Register page.
[INFO ] 20-04-2022 11:49:52 [main] Log - Quit browser.
[INFO ] 20-04-2022 11:49:53 [main] Log - Navigate to Safe Railway.
[INFO ] 20-04-2022 11:54:29 [main] Log - Navigate to Safe Railway.
[INFO ] 20-04-2022 11:54:31 [main] Log - Navigate to Register page.
[INFO ] 20-04-2022 11:54:32 [main] Log - Register new account.
[INFO ] 20-04-2022 11:54:34 [main] Log - Navigate to Login page.
[INFO ] 20-04-2022 11:54:35 [main] Log - Login to Safe Railway.
[INFO ] 20-04-2022 11:54:37 [main] Log - Navigate to Book Ticket page.
[INFO ] 20-04-2022 11:54:37 [main] Log - Book ticket 1.
[INFO ] 20-04-2022 11:54:38 [main] Log - Quit browser.
[INFO ] 20-04-2022 11:54:39 [main] Log - Navigate to Safe Railway.
